07-10 21:22:01 com_github_bouni_kicad-jlcpcb-tools.store 207:Part C1 does not exist in the database and will be created from the board.
07-10 21:22:01 com_github_bouni_kicad-jlcpcb-tools.store 207:Part C2 does not exist in the database and will be created from the board.
07-10 21:22:01 com_github_bouni_kicad-jlcpcb-tools.store 207:Part C3 does not exist in the database and will be created from the board.
07-10 21:22:01 com_github_bouni_kicad-jlcpcb-tools.store 207:Part C4 does not exist in the database and will be created from the board.
07-10 21:22:01 com_github_bouni_kicad-jlcpcb-tools.store 207:Part C5 does not exist in the database and will be created from the board.
07-10 21:22:01 com_github_bouni_kicad-jlcpcb-tools.store 207:Part C6 does not exist in the database and will be created from the board.
07-10 21:22:01 com_github_bouni_kicad-jlcpcb-tools.store 207:Part C7 does not exist in the database and will be created from the board.
07-10 21:22:01 com_github_bouni_kicad-jlcpcb-tools.store 207:Part C8 does not exist in the database and will be created from the board.
07-10 21:22:01 com_github_bouni_kicad-jlcpcb-tools.store 207:Part C9 does not exist in the database and will be created from the board.
07-10 21:22:01 com_github_bouni_kicad-jlcpcb-tools.store 207:Part C10 does not exist in the database and will be created from the board.
07-10 21:22:01 com_github_bouni_kicad-jlcpcb-tools.store 207:Part C11 does not exist in the database and will be created from the board.
07-10 21:22:01 com_github_bouni_kicad-jlcpcb-tools.store 207:Part C12 does not exist in the database and will be created from the board.
07-10 21:22:01 com_github_bouni_kicad-jlcpcb-tools.store 207:Part C13 does not exist in the database and will be created from the board.
07-10 21:22:01 com_github_bouni_kicad-jlcpcb-tools.store 207:Part C14 does not exist in the database and will be created from the board.
07-10 21:22:01 com_github_bouni_kicad-jlcpcb-tools.store 207:Part C15 does not exist in the database and will be created from the board.
07-10 21:22:01 com_github_bouni_kicad-jlcpcb-tools.store 207:Part C16 does not exist in the database and will be created from the board.
07-10 21:22:01 com_github_bouni_kicad-jlcpcb-tools.store 207:Part C17 does not exist in the database and will be created from the board.
07-10 21:22:02 com_github_bouni_kicad-jlcpcb-tools.store 207:Part C18 does not exist in the database and will be created from the board.
07-10 21:22:02 com_github_bouni_kicad-jlcpcb-tools.store 207:Part C19 does not exist in the database and will be created from the board.
07-10 21:22:02 com_github_bouni_kicad-jlcpcb-tools.store 207:Part C20 does not exist in the database and will be created from the board.
07-10 21:22:02 com_github_bouni_kicad-jlcpcb-tools.store 207:Part D1 does not exist in the database and will be created from the board.
07-10 21:22:02 com_github_bouni_kicad-jlcpcb-tools.store 207:Part D2 does not exist in the database and will be created from the board.
07-10 21:22:02 com_github_bouni_kicad-jlcpcb-tools.store 207:Part D3 does not exist in the database and will be created from the board.
07-10 21:22:02 com_github_bouni_kicad-jlcpcb-tools.store 207:Part D4 does not exist in the database and will be created from the board.
07-10 21:22:02 com_github_bouni_kicad-jlcpcb-tools.store 207:Part D5 does not exist in the database and will be created from the board.
07-10 21:22:02 com_github_bouni_kicad-jlcpcb-tools.store 207:Part FB1 does not exist in the database and will be created from the board.
07-10 21:22:02 com_github_bouni_kicad-jlcpcb-tools.store 207:Part H1 does not exist in the database and will be created from the board.
07-10 21:22:02 com_github_bouni_kicad-jlcpcb-tools.store 207:Part H2 does not exist in the database and will be created from the board.
07-10 21:22:02 com_github_bouni_kicad-jlcpcb-tools.store 207:Part H3 does not exist in the database and will be created from the board.
07-10 21:22:02 com_github_bouni_kicad-jlcpcb-tools.store 207:Part H4 does not exist in the database and will be created from the board.
07-10 21:22:02 com_github_bouni_kicad-jlcpcb-tools.store 207:Part J1 does not exist in the database and will be created from the board.
07-10 21:22:02 com_github_bouni_kicad-jlcpcb-tools.store 207:Part J4 does not exist in the database and will be created from the board.
07-10 21:22:02 com_github_bouni_kicad-jlcpcb-tools.store 207:Part J5 does not exist in the database and will be created from the board.
07-10 21:22:02 com_github_bouni_kicad-jlcpcb-tools.store 207:Part J6 does not exist in the database and will be created from the board.
07-10 21:22:02 com_github_bouni_kicad-jlcpcb-tools.store 207:Part J7 does not exist in the database and will be created from the board.
07-10 21:22:02 com_github_bouni_kicad-jlcpcb-tools.store 207:Part JP1 does not exist in the database and will be created from the board.
07-10 21:22:02 com_github_bouni_kicad-jlcpcb-tools.store 207:Part JP2 does not exist in the database and will be created from the board.
07-10 21:22:02 com_github_bouni_kicad-jlcpcb-tools.store 207:Part R1 does not exist in the database and will be created from the board.
07-10 21:22:02 com_github_bouni_kicad-jlcpcb-tools.store 207:Part R2 does not exist in the database and will be created from the board.
07-10 21:22:02 com_github_bouni_kicad-jlcpcb-tools.store 207:Part R3 does not exist in the database and will be created from the board.
07-10 21:22:02 com_github_bouni_kicad-jlcpcb-tools.store 207:Part R4 does not exist in the database and will be created from the board.
07-10 21:22:02 com_github_bouni_kicad-jlcpcb-tools.store 207:Part R5 does not exist in the database and will be created from the board.
07-10 21:22:02 com_github_bouni_kicad-jlcpcb-tools.store 207:Part R6 does not exist in the database and will be created from the board.
07-10 21:22:02 com_github_bouni_kicad-jlcpcb-tools.store 207:Part R7 does not exist in the database and will be created from the board.
07-10 21:22:02 com_github_bouni_kicad-jlcpcb-tools.store 207:Part R8 does not exist in the database and will be created from the board.
07-10 21:22:02 com_github_bouni_kicad-jlcpcb-tools.store 207:Part R9 does not exist in the database and will be created from the board.
07-10 21:22:02 com_github_bouni_kicad-jlcpcb-tools.store 207:Part SW1 does not exist in the database and will be created from the board.
07-10 21:22:02 com_github_bouni_kicad-jlcpcb-tools.store 207:Part SW2 does not exist in the database and will be created from the board.
07-10 21:22:02 com_github_bouni_kicad-jlcpcb-tools.store 207:Part U1 does not exist in the database and will be created from the board.
07-10 21:22:02 com_github_bouni_kicad-jlcpcb-tools.store 207:Part U2 does not exist in the database and will be created from the board.
07-10 21:22:02 com_github_bouni_kicad-jlcpcb-tools.store 207:Part U3 does not exist in the database and will be created from the board.
07-10 21:22:02 com_github_bouni_kicad-jlcpcb-tools.store 207:Part U4 does not exist in the database and will be created from the board.
07-10 21:22:02 com_github_bouni_kicad-jlcpcb-tools.store 207:Part U5 does not exist in the database and will be created from the board.
07-10 21:22:02 com_github_bouni_kicad-jlcpcb-tools.store 207:Part U6 does not exist in the database and will be created from the board.
07-10 21:22:02 com_github_bouni_kicad-jlcpcb-tools.store 207:Part U7 does not exist in the database and will be created from the board.
07-10 21:22:02 com_github_bouni_kicad-jlcpcb-tools.store 207:Part J3 does not exist in the database and will be created from the board.
07-10 21:22:02 com_github_bouni_kicad-jlcpcb-tools.store 207:Part J2 does not exist in the database and will be created from the board.
07-10 21:22:14 com_github_bouni_kicad-jlcpcb-tools.library 351:Download JLCPCB SMT Parts Library(20220704).csv with a size of 354.62MB
07-10 21:22:37 com_github_bouni_kicad-jlcpcb-tools.fabrication 198:Successfully plotted Top layer
07-10 21:22:37 com_github_bouni_kicad-jlcpcb-tools.fabrication 198:Successfully plotted Silk top
07-10 21:22:37 com_github_bouni_kicad-jlcpcb-tools.fabrication 198:Successfully plotted Mask top
07-10 21:22:37 com_github_bouni_kicad-jlcpcb-tools.fabrication 198:Successfully plotted Paste top
07-10 21:22:37 com_github_bouni_kicad-jlcpcb-tools.fabrication 198:Successfully plotted Inner layer 1
07-10 21:22:37 com_github_bouni_kicad-jlcpcb-tools.fabrication 198:Successfully plotted Inner layer 2
07-10 21:22:37 com_github_bouni_kicad-jlcpcb-tools.fabrication 198:Successfully plotted Bottom layer
07-10 21:22:37 com_github_bouni_kicad-jlcpcb-tools.fabrication 198:Successfully plotted Silk top
07-10 21:22:37 com_github_bouni_kicad-jlcpcb-tools.fabrication 198:Successfully plotted Mask bottom
07-10 21:22:37 com_github_bouni_kicad-jlcpcb-tools.fabrication 198:Successfully plotted Paste bottom
07-10 21:22:37 com_github_bouni_kicad-jlcpcb-tools.fabrication 198:Successfully plotted Edges
07-10 21:22:37 com_github_bouni_kicad-jlcpcb-tools.fabrication 198:Successfully plotted V score cut
07-10 21:22:37 com_github_bouni_kicad-jlcpcb-tools.fabrication 216:Finished generating Excellon files
07-10 21:22:37 com_github_bouni_kicad-jlcpcb-tools.fabrication 228:Finished generating ZIP file
07-10 21:22:37 com_github_bouni_kicad-jlcpcb-tools.fabrication 257:Finished generating POS file
07-10 21:22:37 com_github_bouni_kicad-jlcpcb-tools.fabrication 269:Finished generating BOM file
07-10 21:26:46 com_github_bouni_kicad-jlcpcb-tools.store 207:Part JP5 does not exist in the database and will be created from the board.
07-10 21:26:46 com_github_bouni_kicad-jlcpcb-tools.store 207:Part D1 does not exist in the database and will be created from the board.
07-10 21:26:46 com_github_bouni_kicad-jlcpcb-tools.store 207:Part R1 does not exist in the database and will be created from the board.
07-10 21:26:46 com_github_bouni_kicad-jlcpcb-tools.store 207:Part JP2 does not exist in the database and will be created from the board.
07-10 21:26:46 com_github_bouni_kicad-jlcpcb-tools.store 207:Part JP1 does not exist in the database and will be created from the board.
07-10 21:26:46 com_github_bouni_kicad-jlcpcb-tools.store 207:Part R2 does not exist in the database and will be created from the board.
07-10 21:26:46 com_github_bouni_kicad-jlcpcb-tools.store 207:Part C1 does not exist in the database and will be created from the board.
07-10 21:26:46 com_github_bouni_kicad-jlcpcb-tools.store 207:Part JP3 does not exist in the database and will be created from the board.
07-10 21:26:46 com_github_bouni_kicad-jlcpcb-tools.store 207:Part J1 does not exist in the database and will be created from the board.
07-10 21:26:46 com_github_bouni_kicad-jlcpcb-tools.store 207:Part J2 does not exist in the database and will be created from the board.
07-10 21:26:46 com_github_bouni_kicad-jlcpcb-tools.store 207:Part JP4 does not exist in the database and will be created from the board.
07-10 21:26:46 com_github_bouni_kicad-jlcpcb-tools.store 207:Part SW1 does not exist in the database and will be created from the board.
